#
# There is insufficient memory for the Java Runtime Environment to continue.
# Native memory allocation (malloc) failed to allocate 1048576 bytes for AllocateHeap
# Possible reasons:
#   The system is out of physical RAM or swap space
#   The process is running with CompressedOops enabled, and the Java Heap may be blocking the growth of the native heap
# Possible solutions:
#   Reduce memory load on the system
#   Increase physical memory or swap space
#   Check if swap backing store is full
#   Decrease Java heap size (-Xmx/-Xms)
#   Decrease number of Java threads
#   Decrease Java thread stack sizes (-Xss)
#   Set larger code cache with -XX:ReservedCodeCacheSize=
#   JVM is running with Unscaled Compressed Oops mode in which the Java heap is
#     placed in the first 4GB address space. The Java Heap base address is the
#     maximum limit for the native heap growth. Please use -XX:HeapBaseMinAddress
#     to set the Java Heap base and to place the Java Heap above 4GB virtual address.
# This output file may be truncated or incomplete.
#
#  Out of Memory Error (memory/allocation.inline.hpp:61), pid=18156, tid=0x0000000000005c88
#
# JRE version:  (8.0_241-b07) (build )
# Java VM: Java HotSpot(TM) 64-Bit Server VM (25.241-b07 mixed mode windows-amd64 compressed oops)
# Failed to write core dump. Minidumps are not enabled by default on client versions of Windows
#

---------------  T H R E A D  ---------------

Current thread (0x0000000002af2800):  JavaThread "Unknown thread" [_thread_in_vm, id=23688, stack(0x00000000029f0000,0x0000000002af0000)]

Stack: [0x00000000029f0000,0x0000000002af0000]
[error occurred during error reporting (printing stack bounds), id 0xc0000005]

Native frames: (J=compiled Java code, j=interpreted, Vv=VM code, C=native code)


---------------  P R O C E S S  ---------------

Java Threads: ( => current thread )

Other Threads:

=>0x0000000002af2800 (exited) JavaThread "Unknown thread" [_thread_in_vm, id=23688, stack(0x00000000029f0000,0x0000000002af0000)]

VM state:not at safepoint (normal execution)

VM Mutex/Monitor currently owned by a thread: None

heap address: 0x0000000082000000, size: 2016 MB, Compressed Oops mode: 32-bit
Narrow klass base: 0x0000000000000000, Narrow klass shift: 3
Compressed class space size: 1073741824 Address: 0x0000000100000000

Heap:
 PSYoungGen      total 37888K, used 655K [0x00000000d6000000, 0x00000000d8a00000, 0x0000000100000000)
  eden space 32768K, 2% used [0x00000000d6000000,0x00000000d60a3d80,0x00000000d8000000)
  from space 5120K, 0% used [0x00000000d8500000,0x00000000d8500000,0x00000000d8a00000)
  to   space 5120K, 0% used [0x00000000d8000000,0x00000000d8000000,0x00000000d8500000)
 ParOldGen       total 86016K, used 0K [0x0000000082000000, 0x0000000087400000, 0x00000000d6000000)
  object space 86016K, 0% used [0x0000000082000000,0x0000000082000000,0x0000000087400000)
 Metaspace       used 776K, capacity 4480K, committed 4480K, reserved 1056768K
  class space    used 76K, capacity 384K, committed 384K, reserved 1048576K

Card table byte_map: [0x0000000011fb0000,0x00000000123b0000] byte_map_base: 0x0000000011ba0000

Marking Bits: (ParMarkBitMap*) 0x0000000073dfbe30
 Begin Bits: [0x0000000012e50000, 0x0000000014dd0000)
 End Bits:   [0x0000000014dd0000, 0x0000000016d50000)

Polling page: 0x00000000008f0000

CodeCache: size=245760Kb used=328Kb max_used=328Kb free=245431Kb
 bounds [0x0000000002bf0000, 0x0000000002e60000, 0x0000000011bf0000]
 total_blobs=58 nmethods=0 adapters=38
 compilation: enabled

Compilation events (0 events):
No events

GC Heap History (0 events):
No events

Deoptimization events (0 events):
No events

Classes redefined (0 events):
No events

Internal exceptions (0 events):
No events

Events (10 events):
Event: 0.043 loading class java/lang/Short
Event: 0.043 loading class java/lang/Short done
Event: 0.043 loading class java/lang/Integer
Event: 0.043 loading class java/lang/Integer done
Event: 0.043 loading class java/lang/Long
Event: 0.043 loading class java/lang/Long done
Event: 0.043 loading class java/lang/NullPointerException
Event: 0.043 loading class java/lang/NullPointerException done
Event: 0.043 loading class java/lang/ArithmeticException
Event: 0.043 loading class java/lang/ArithmeticException done


Dynamic libraries:
0x00007ff72df10000 - 0x00007ff72df47000 	D:\Program Files\Java\jdk8\bin\javaw.exe
0x00007ffc64d60000 - 0x00007ffc64f4d000 	C:\WINDOWS\SYSTEM32\ntdll.dll
0x00007ffc63c90000 - 0x00007ffc63d43000 	C:\WINDOWS\System32\KERNEL32.DLL
0x00007ffc61ce0000 - 0x00007ffc61f73000 	C:\WINDOWS\System32\KERNELBASE.dll
0x00007ffc624a0000 - 0x00007ffc62543000 	C:\WINDOWS\System32\ADVAPI32.dll
0x00007ffc62400000 - 0x00007ffc6249e000 	C:\WINDOWS\System32\msvcrt.dll
0x00007ffc64b40000 - 0x00007ffc64bde000 	C:\WINDOWS\System32\sechost.dll
0x00007ffc644f0000 - 0x00007ffc64612000 	C:\WINDOWS\System32\RPCRT4.dll
0x00007ffc64960000 - 0x00007ffc64af7000 	C:\WINDOWS\System32\USER32.dll
0x00007ffc61cc0000 - 0x00007ffc61ce0000 	C:\WINDOWS\System32\win32u.dll
0x00007ffc63f00000 - 0x00007ffc63f29000 	C:\WINDOWS\System32\GDI32.dll
0x00007ffc61ac0000 - 0x00007ffc61c59000 	C:\WINDOWS\System32\gdi32full.dll
0x00007ffc619a0000 - 0x00007ffc61a40000 	C:\WINDOWS\System32\msvcp_win.dll
0x00007ffc61690000 - 0x00007ffc6178a000 	C:\WINDOWS\System32\ucrtbase.dll
0x00007ffc52730000 - 0x00007ffc529a9000 	C:\WINDOWS\WinSxS\amd64_microsoft.windows.common-controls_6595b64144ccf1df_6.0.17763.973_none_05b245900721eb81\COMCTL32.dll
0x00007ffc64630000 - 0x00007ffc6495c000 	C:\WINDOWS\System32\combase.dll
0x00007ffc61a40000 - 0x00007ffc61abe000 	C:\WINDOWS\System32\bcryptPrimitives.dll
0x00007ffc64b10000 - 0x00007ffc64b3e000 	C:\WINDOWS\System32\IMM32.DLL
0x0000000073e80000 - 0x0000000073f52000 	D:\Program Files\Java\jdk8\jre\bin\msvcr100.dll
0x00000000735d0000 - 0x0000000073e7c000 	D:\Program Files\Java\jdk8\jre\bin\server\jvm.dll
0x00007ffc644e0000 - 0x00007ffc644e8000 	C:\WINDOWS\System32\PSAPI.DLL
0x00007ffc4c5f0000 - 0x00007ffc4c5f9000 	C:\WINDOWS\SYSTEM32\WSOCK32.dll
0x00007ffc59800000 - 0x00007ffc5980a000 	C:\WINDOWS\SYSTEM32\VERSION.dll
0x00007ffc554e0000 - 0x00007ffc55504000 	C:\WINDOWS\SYSTEM32\WINMM.dll
0x00007ffc642c0000 - 0x00007ffc6432d000 	C:\WINDOWS\System32\WS2_32.dll
0x00007ffc552a0000 - 0x00007ffc552cd000 	C:\WINDOWS\SYSTEM32\winmmbase.dll
0x00007ffc61640000 - 0x00007ffc6168a000 	C:\WINDOWS\System32\cfgmgr32.dll
0x00007ffc55f20000 - 0x00007ffc55f2f000 	D:\Program Files\Java\jdk8\jre\bin\verify.dll
0x00007ffc35a20000 - 0x00007ffc35a49000 	D:\Program Files\Java\jdk8\jre\bin\java.dll
0x00007ffc35a00000 - 0x00007ffc35a16000 	D:\Program Files\Java\jdk8\jre\bin\zip.dll

VM Arguments:
jvm_args: -Dfile.encoding=UTF-8 
java_command: Main
java_class_path (initial): D:\Users\ngocp\eclipse-workspace\ImageProcessingDemo\bin;D:\Users\ngocp\eclipse-workspace\ImageProcessingDemo\jgoodies-common-1.8.0.jar;D:\Users\ngocp\eclipse-workspace\ImageProcessingDemo\jgoodies-forms-1.8.0.jar
Launcher Type: SUN_STANDARD

Environment Variables:
JAVA_HOME=D:\Program Files\Java\jdk8
USERNAME=ngocp
OS=Windows_NT
PROCESSOR_IDENTIFIER=Intel64 Family 6 Model 158 Stepping 9, GenuineIntel



---------------  S Y S T E M  ---------------

OS: Windows 10.0 , 64 bit Build 17763 (10.0.17763.475)

CPU:total 8 (initial active 8) (4 cores per cpu, 2 threads per core) family 6 model 158 stepping 9, cmov, cx8, fxsr, mmx, sse, sse2, sse3, ssse3, sse4.1, sse4.2, popcnt, avx, avx2, aes, clmul, erms, 3dnowpref, lzcnt, ht, tsc, tscinvbit, bmi1, bmi2, adx

Memory: 4k page, physical 8251672k(1242744k free), swap 21501328k(5632k free)

vm_info: Java HotSpot(TM) 64-Bit Server VM (25.241-b07) for windows-amd64 JRE (1.8.0_241-b07), built on Dec 11 2019 10:21:40 by "rejava" with MS VC++ 10.0 (VS2010)

time: Tue May 26 12:57:10 2020
timezone: SE Asia Standard Time
elapsed time: 0 seconds (0d 0h 0m 0s)

